[2020-09-02 15:49:19] local.ERROR: SQLSTATE[23000]: Integrity constraint violation: 1048 Column 'text_tr' cannot be null (SQL: insert into `posts` (`f_image`, `title_ar`, `title_tr`, `title_en`, `text_ar`, `text_tr`, `text_en`, `slug`, `date`, `updated_at`, `created_at`) values (1599061757.jpg, السياحة في اوزنجول, Uzungöl'de Turizm, Tourism in Uzungol, <p>اوزنجول من أهم وأجمل المناطق التركية تقع اوزنجول في حي كاي كارا على بعد 100 كم</p>

<p>من مدينة طرابزون , تتميز اوزنجول بطبيعة ساحرة ,&nbsp;حتى أن السياح والزوار يشعرون</p>

<p>&nbsp;وكأنهم في رحلة الى&nbsp;عالم خيالي ساحر, البحيرة محاطة بالكامل بالغابات. عندما ترى منظر البحيرة&nbsp;</p>

<p>تضم المنطقة العديد من الهضاب والبحيرات ذات الأحجام المختلفة. تأكد من زيارتهم. على الرغم من أنه من المستحيل الوصول إلى هذه البحيرات من قبل أي مركبة ، لا تتردد في زيارة الهضاب الخضراء والبحيرات من خلال المشي هناك إذا كنت لا تمانع في ممارسة بعض التمارين الرياضية في الهواء النقي النظيف! تأكد من المشاركة في الجولات وممارسة المشي المقصود! تقدم المنطقة العديد من الخيارات للإقامة المعقولة والنظيفة. توفر هذه المرافق خدمة يقظة جدا وبعضها .مبني على شكل بناغل. سوف تستمتع بقضاء بعض الوقت في هذه المرافق مع إطلالة على البحيرة</p>, , , tourism-in-uzungol, , 2020-09-02 15:49:18, 2020-09-02 15:49:18)) {"userId":1,"email":"info@maantour61.com","exception":"[object] (Illuminate\\Database\\QueryException(code: 23000): SQLSTATE[23000]: Integrity constraint violation: 1048 Column 'text_tr' cannot be null (SQL: insert into `posts` (`f_image`, `title_ar`, `title_tr`, `title_en`, `text_ar`, `text_tr`, `text_en`, `slug`, `date`, `updated_at`, `created_at`) values (1599061757.jpg, السياحة في اوزنجول, Uzungöl'de Turizm, Tourism in Uzungol, <p>اوزنجول من أهم وأجمل المناطق التركية تقع اوزنجول في حي كاي كارا على بعد 100 كم</p>

<p>من مدينة طرابزون , تتميز اوزنجول بطبيعة ساحرة ,&nbsp;حتى أن السياح والزوار يشعرون</p>

<p>&nbsp;وكأنهم في رحلة الى&nbsp;عالم خيالي ساحر, البحيرة محاطة بالكامل بالغابات. عندما ترى منظر البحيرة&nbsp;</p>

<p>تضم المنطقة العديد من الهضاب والبحيرات ذات الأحجام المختلفة. تأكد من زيارتهم. على الرغم من أنه من المستحيل الوصول إلى هذه البحيرات من قبل أي مركبة ، لا تتردد في زيارة الهضاب الخضراء والبحيرات من خلال المشي هناك إذا كنت لا تمانع في ممارسة بعض التمارين الرياضية في الهواء النقي النظيف! تأكد من المشاركة في الجولات وممارسة المشي المقصود! تقدم المنطقة العديد من الخيارات للإقامة المعقولة والنظيفة. توفر هذه المرافق خدمة يقظة جدا وبعضها .مبني على شكل بناغل. سوف تستمتع بقضاء بعض الوقت في هذه المرافق مع إطلالة على البحيرة</p>, , , tourism-in-uzungol, , 2020-09-02 15:49:18, 2020-09-02 15:49:18)) at /home/u285018311/domains/maantour61.com/public_html/maan/vendor/laravel/framework/src/Illuminate/Database/Connection.php:664, PDOException(code: 23000): SQLSTATE[23000]: Integrity constraint violation: 1048 Column 'text_tr' cannot be null at /home/u285018311/domains/maantour61.com/public_html/maan/vendor/laravel/framework/src/Illuminate/Database/Connection.php:458)
[stacktrace]
#0 /home/u285018311/domains/maantour61.com/public_html/maan/vendor/laravel/framework/src/Illuminate/Database/Connection.php(624): Illuminate\\Database\\Connection->runQueryCallback('insert into `po...', Array, Object(Closure))
#1 /home/u285018311/domains/maantour61.com/public_html/maan/vendor/laravel/framework/src/Illuminate/Database/Connection.php(459): Illuminate\\Database\\Connection->run('insert into `po...', Array, Object(Closure))
#2 /home/u285018311/domains/maantour61.com/public_html/maan/vendor/laravel/framework/src/Illuminate/Database/Connection.php(411): Illuminate\\Database\\Connection->statement('insert into `po...', Array)
#3 /home/u285018311/domains/maantour61.com/public_html/maan/vendor/laravel/framework/src/Illuminate/Database/Query/Processors/Processor.php(32): Illuminate\\Database\\Connection->insert('insert into `po...', Array)
#4 /home/u285018311/domains/maantour61.com/public_html/maan/vendor/laravel/framework/src/Illuminate/Database/Query/Builder.php(2628): Illuminate\\Database\\Query\\Processors\\Processor->processInsertGetId(Object(Illuminate\\Database\\Query\\Builder), 'insert into `po...', Array, 'id')
#5 /home/u285018311/domains/maantour61.com/public_html/maan/vendor/laravel/framework/src/Illuminate/Database/Eloquent/Builder.php(1338): Illuminate\\Database\\Query\\Builder->insertGetId(Array, 'id')
#6 /home/u285018311/domains/maantour61.com/public_html/maan/vendor/laravel/framework/src/Illuminate/Database/Eloquent/Model.php(823): Illuminate\\Database\\Eloquent\\Builder->__call('insertGetId', Array)
#7 /home/u285018311/domains/maantour61.com/public_html/maan/vendor/laravel/framework/src/Illuminate/Database/Eloquent/Model.php(788): Illuminate\\Database\\Eloquent\\Model->insertAndSetId(Object(Illuminate\\Database\\Eloquent\\Builder), Array)
#8 /home/u285018311/domains/maantour61.com/public_html/maan/vendor/laravel/framework/src/Illuminate/Database/Eloquent/Model.php(651): Illuminate\\Database\\Eloquent\\Model->performInsert(Object(Illuminate\\Database\\Eloquent\\Builder))
#9 /home/u285018311/domains/maantour61.com/public_html/maan/app/Http/Controllers/Admin/PostController.php(109): Illuminate\\Database\\Eloquent\\Model->save()
#10 [internal function]: App\\Http\\Controllers\\Admin\\PostController->store(Object(Illuminate\\Http\\Request))
#11 /home/u285018311/domains/maantour61.com/public_html/maan/vendor/laravel/framework/src/Illuminate/Routing/Controller.php(54): call_user_func_array(Array, Array)
#12 /home/u285018311/domains/maantour61.com/public_html/maan/vendor/laravel/framework/src/Illuminate/Routing/ControllerDispatcher.php(45): Illuminate\\Routing\\Controller->callAction('store', Array)
#13 /home/u285018311/domains/maantour61.com/public_html/maan/vendor/laravel/framework/src/Illuminate/Routing/Route.php(219): Illuminate\\Routing\\ControllerDispatcher->dispatch(Object(Illuminate\\Routing\\Route), Object(App\\Http\\Controllers\\Admin\\PostController), 'store')
#14 /home/u285018311/domains/maantour61.com/public_html/maan/vendor/laravel/framework/src/Illuminate/Routing/Route.php(176): Illuminate\\Routing\\Route->runController()
#15 /home/u285018311/domains/maantour61.com/public_html/maan/vendor/laravel/framework/src/Illuminate/Routing/Router.php(682): Illuminate\\Routing\\Route->run()
#16 /home/u285018311/domains/maantour61.com/public_html/maan/vendor/laravel/framework/src/Illuminate/Routing/Pipeline.php(30): Illuminate\\Routing\\Router->Illuminate\\Routing\\{closure}(Object(Illuminate\\Http\\Request))
#17 /home/u285018311/domains/maantour61.com/public_html/maan/app/Http/Middleware/Localization.php(25): Illuminate\\Routing\\Pipeline->Illuminate\\Routing\\{closure}(Object(Illuminate\\Http\\Request))
#18 /home/u285018311/domains/maantour61.com/public_html/maan/vendor/laravel/framework/src/Illuminate/Pipeline/Pipeline.php(163): App\\Http\\Middleware\\Localization->handle(Object(Illuminate\\Http\\Request), Object(Closure))
#19 /home/u285018311/domains/maantour61.com/public_html/maan/vendor/laravel/framework/src/Illuminate/Routing/Pipeline.php(53): Illuminate\\Pipeline\\Pipeline->Illuminate\\Pipeline\\{closure}(Object(Illuminate\\Http\\Request))
#20 /home/u285018311/domains/maantour61.com/public_html/maan/vendor/laravel/framework/src/Illuminate/Routing/Middleware/SubstituteBindings.php(41): Illuminate\\Routing\\Pipeline->Illuminate\\Routing\\{closure}(Object(Illuminate\\Http\\Request))
#21 /home/u285018311/domains/maantour61.com/public_html/maan/vendor/laravel/framework/src/Illuminate/Pipeline/Pipeline.php(163): Illuminate\\Routing\\Middleware\\SubstituteBindings->handle(Object(Illuminate\\Http\\Request), Object(Closure))
#22 /home/u285018311/domains/maantour61.com/public_html/maan/vendor/laravel/framework/src/Illuminate/Routing/Pipeline.php(53): Illuminate\\Pipeline\\Pipeline->Illuminate\\Pipeline\\{closure}(Object(Illuminate\\Http\\Request))
#23 /home/u285018311/domains/maantour61.com/public_html/maan/vendor/laravel/framework/src/Illuminate/Auth/Middleware/Authenticate.php(43): Illuminate\\Routing\\Pipeline->Illuminate\\Routing\\{closure}(Object(Illuminate\\Http\\Request))
#24 /home/u285018311/domains/maantour61.com/public_html/maan/vendor/laravel/framework/src/Illuminate/Pipeline/Pipeline.php(163): Illuminate\\Auth\\Middleware\\Authenticate->handle(Object(Illuminate\\Http\\Request), Object(Closure), 'admin')
#25 /home/u285018311/domains/maantour61.com/public_html/maan/vendor/laravel/framework/src/Illuminate/Routing/Pipeline.php(53): Illuminate\\Pipeline\\Pipeline->Illuminate\\Pipeline\\{closure}(Object(Illuminate\\Http\\Request))
#26 /home/u285018311/domains/maantour61.com/public_html/maan/vendor/laravel/framework/src/Illuminate/Foundation/Http/Middleware/VerifyCsrfToken.php(75): Illuminate\\Routing\\Pipeline->Illuminate\\Routing\\{closure}(Object(Illuminate\\Http\\Request))
#27 /home/u285018311/domains/maantour61.com/public_html/maan/vendor/laravel/framework/src/Illuminate/Pipeline/Pipeline.php(163): Illuminate\\Foundation\\Http\\Middleware\\VerifyCsrfToken->handle(Object(Illuminate\\Http\\Request), Object(Closure))
#28 /home/u285018311/domains/maantour61.com/public_html/maan/vendor/laravel/framework/src/Illuminate/Routing/Pipeline.php(53): Illuminate\\Pipeline\\Pipeline->Illuminate\\Pipeline\\{closure}(Object(Illuminate\\Http\\Request))
#29 /home/u285018311/domains/maantour61.com/public_html/maan/vendor/laravel/framework/src/Illuminate/View/Middleware/ShareErrorsFromSession.php(49): Illuminate\\Routing\\Pipeline->Illuminate\\Routing\\{closure}(Object(Illuminate\\Http\\Request))
#30 /home/u285018311/domains/maantour61.com/public_html/maan/vendor/laravel/framework/src/Illuminate/Pipeline/Pipeline.php(163): Illuminate\\View\\Middleware\\ShareErrorsFromSession->handle(Object(Illuminate\\Http\\Request), Object(Closure))
#31 /home/u285018311/domains/maantour61.com/public_html/maan/vendor/laravel/framework/src/Illuminate/Routing/Pipeline.php(53): Illuminate\\Pipeline\\Pipeline->Illuminate\\Pipeline\\{closure}(Object(Illuminate\\Http\\Request))
#32 /home/u285018311/domains/maantour61.com/public_html/maan/vendor/laravel/framework/src/Illuminate/Session/Middleware/StartSession.php(63): Illuminate\\Routing\\Pipeline->Illuminate\\Routing\\{closure}(Object(Illuminate\\Http\\Request))
#33 /home/u285018311/domains/maantour61.com/public_html/maan/vendor/laravel/framework/src/Illuminate/Pipeline/Pipeline.php(163): Illuminate\\Session\\Middleware\\StartSession->handle(Object(Illuminate\\Http\\Request), Object(Closure))
#34 /home/u285018311/domains/maantour61.com/public_html/maan/vendor/laravel/framework/src/Illuminate/Routing/Pipeline.php(53): Illuminate\\Pipeline\\Pipeline->Illuminate\\Pipeline\\{closure}(Object(Illuminate\\Http\\Request))
#35 /home/u285018311/domains/maantour61.com/public_html/maan/vendor/laravel/framework/src/Illuminate/Cookie/Middleware/AddQueuedCookiesToResponse.php(37): Illuminate\\Routing\\Pipeline->Illuminate\\Routing\\{closure}(Object(Illuminate\\Http\\Request))
#36 /home/u285018311/domains/maantour61.com/public_html/maan/vendor/laravel/framework/src/Illuminate/Pipeline/Pipeline.php(163): Illuminate\\Cookie\\Middleware\\AddQueuedCookiesToResponse->handle(Object(Illuminate\\Http\\Request), Object(Closure))
#37 /home/u285018311/domains/maantour61.com/public_html/maan/vendor/laravel/framework/src/Illuminate/Routing/Pipeline.php(53): Illuminate\\Pipeline\\Pipeline->Illuminate\\Pipeline\\{closure}(Object(Illuminate\\Http\\Request))
#38 /home/u285018311/domains/maantour61.com/public_html/maan/vendor/laravel/framework/src/Illuminate/Cookie/Middleware/EncryptCookies.php(66): Illuminate\\Routing\\Pipeline->Illuminate\\Routing\\{closure}(Object(Illuminate\\Http\\Request))
#39 /home/u285018311/domains/maantour61.com/public_html/maan/vendor/laravel/framework/src/Illuminate/Pipeline/Pipeline.php(163): Illuminate\\Cookie\\Middleware\\EncryptCookies->handle(Object(Illuminate\\Http\\Request), Object(Closure))
#40 /home/u285018311/domains/maantour61.com/public_html/maan/vendor/laravel/framework/src/Illuminate/Routing/Pipeline.php(53): Illuminate\\Pipeline\\Pipeline->Illuminate\\Pipeline\\{closure}(Object(Illuminate\\Http\\Request))
#41 /home/u285018311/domains/maantour61.com/public_html/maan/vendor/laravel/framework/src/Illuminate/Pipeline/Pipeline.php(104): Illuminate\\Routing\\Pipeline->Illuminate\\Routing\\{closure}(Object(Illuminate\\Http\\Request))
#42 /home/u285018311/domains/maantour61.com/public_html/maan/vendor/laravel/framework/src/Illuminate/Routing/Router.php(684): Illuminate\\Pipeline\\Pipeline->then(Object(Closure))
#43 /home/u285018311/domains/maantour61.com/public_html/maan/vendor/laravel/framework/src/Illuminate/Routing/Router.php(659): Illuminate\\Routing\\Router->runRouteWithinStack(Object(Illuminate\\Routing\\Route), Object(Illuminate\\Http\\Request))
#44 /home/u285018311/domains/maantour61.com/public_html/maan/vendor/laravel/framework/src/Illuminate/Routing/Router.php(625): Illuminate\\Routing\\Router->runRoute(Object(Illuminate\\Http\\Request), Object(Illuminate\\Routing\\Route))
#45 /home/u285018311/domains/maantour61.com/public_html/maan/vendor/laravel/framework/src/Illuminate/Routing/Router.php(614): Illuminate\\Routing\\Router->dispatchToRoute(Object(Illuminate\\Http\\Request))
#46 /home/u285018311/domains/maantour61.com/public_html/maan/vendor/laravel/framework/src/Illuminate/Foundation/Http/Kernel.php(176): Illuminate\\Routing\\Router->dispatch(Object(Illuminate\\Http\\Request))
#47 /home/u285018311/domains/maantour61.com/public_html/maan/vendor/laravel/framework/src/Illuminate/Routing/Pipeline.php(30): Illuminate\\Foundation\\Http\\Kernel->Illuminate\\Foundation\\Http\\{closure}(Object(Illuminate\\Http\\Request))
#48 /home/u285018311/domains/maantour61.com/public_html/maan/vendor/fideloper/proxy/src/TrustProxies.php(57): Illuminate\\Routing\\Pipeline->Illuminate\\Routing\\{closure}(Object(Illuminate\\Http\\Request))
#49 /home/u285018311/domains/maantour61.com/public_html/maan/vendor/laravel/framework/src/Illuminate/Pipeline/Pipeline.php(163): Fideloper\\Proxy\\TrustProxies->handle(Object(Illuminate\\Http\\Request), Object(Closure))
#50 /home/u285018311/domains/maantour61.com/public_html/maan/vendor/laravel/framework/src/Illuminate/Routing/Pipeline.php(53): Illuminate\\Pipeline\\Pipeline->Illuminate\\Pipeline\\{closure}(Object(Illuminate\\Http\\Request))
#51 /home/u285018311/domains/maantour61.com/public_html/maan/vendor/laravel/framework/src/Illuminate/Foundation/Http/Middleware/TransformsRequest.php(31): Illuminate\\Routing\\Pipeline->Illuminate\\Routing\\{closure}(Object(Illuminate\\Http\\Request))
#52 /home/u285018311/domains/maantour61.com/public_html/maan/vendor/laravel/framework/src/Illuminate/Pipeline/Pipeline.php(163): Illuminate\\Foundation\\Http\\Middleware\\TransformsRequest->handle(Object(Illuminate\\Http\\Request), Object(Closure))
#53 /home/u285018311/domains/maantour61.com/public_html/maan/vendor/laravel/framework/src/Illuminate/Routing/Pipeline.php(53): Illuminate\\Pipeline\\Pipeline->Illuminate\\Pipeline\\{closure}(Object(Illuminate\\Http\\Request))
#54 /home/u285018311/domains/maantour61.com/public_html/maan/vendor/laravel/framework/src/Illuminate/Foundation/Http/Middleware/TransformsRequest.php(31): Illuminate\\Routing\\Pipeline->Illuminate\\Routing\\{closure}(Object(Illuminate\\Http\\Request))
#55 /home/u285018311/domains/maantour61.com/public_html/maan/vendor/laravel/framework/src/Illuminate/Pipeline/Pipeline.php(163): Illuminate\\Foundation\\Http\\Middleware\\TransformsRequest->handle(Object(Illuminate\\Http\\Request), Object(Closure))
#56 /home/u285018311/domains/maantour61.com/public_html/maan/vendor/laravel/framework/src/Illuminate/Routing/Pipeline.php(53): Illuminate\\Pipeline\\Pipeline->Illuminate\\Pipeline\\{closure}(Object(Illuminate\\Http\\Request))
#57 /home/u285018311/domains/maantour61.com/public_html/maan/vendor/laravel/framework/src/Illuminate/Foundation/Http/Middleware/ValidatePostSize.php(27): Illuminate\\Routing\\Pipeline->Illuminate\\Routing\\{closure}(Object(Illuminate\\Http\\Request))
#58 /home/u285018311/domains/maantour61.com/public_html/maan/vendor/laravel/framework/src/Illuminate/Pipeline/Pipeline.php(163): Illuminate\\Foundation\\Http\\Middleware\\ValidatePostSize->handle(Object(Illuminate\\Http\\Request), Object(Closure))
#59 /home/u285018311/domains/maantour61.com/public_html/maan/vendor/laravel/framework/src/Illuminate/Routing/Pipeline.php(53): Illuminate\\Pipeline\\Pipeline->Illuminate\\Pipeline\\{closure}(Object(Illuminate\\Http\\Request))
#60 /home/u285018311/domains/maantour61.com/public_html/maan/vendor/laravel/framework/src/Illuminate/Foundation/Http/Middleware/CheckForMaintenanceMode.php(62): Illuminate\\Routing\\Pipeline->Illuminate\\Routing\\{closure}(Object(Illuminate\\Http\\Request))
#61 /home/u285018311/domains/maantour61.com/public_html/maan/vendor/laravel/framework/src/Illuminate/Pipeline/Pipeline.php(163): Illuminate\\Foundation\\Http\\Middleware\\CheckForMaintenanceMode->handle(Object(Illuminate\\Http\\Request), Object(Closure))
#62 /home/u285018311/domains/maantour61.com/public_html/maan/vendor/laravel/framework/src/Illuminate/Routing/Pipeline.php(53): Illuminate\\Pipeline\\Pipeline->Illuminate\\Pipeline\\{closure}(Object(Illuminate\\Http\\Request))
#63 /home/u285018311/domains/maantour61.com/public_html/maan/vendor/laravel/framework/src/Illuminate/Pipeline/Pipeline.php(104): Illuminate\\Routing\\Pipeline->Illuminate\\Routing\\{closure}(Object(Illuminate\\Http\\Request))
#64 /home/u285018311/domains/maantour61.com/public_html/maan/vendor/laravel/framework/src/Illuminate/Foundation/Http/Kernel.php(151): Illuminate\\Pipeline\\Pipeline->then(Object(Closure))
#65 /home/u285018311/domains/maantour61.com/public_html/maan/vendor/laravel/framework/src/Illuminate/Foundation/Http/Kernel.php(116): Illuminate\\Foundation\\Http\\Kernel->sendRequestThroughRouter(Object(Illuminate\\Http\\Request))
#66 /home/u285018311/domains/maantour61.com/public_html/index.php(55): Illuminate\\Foundation\\Http\\Kernel->handle(Object(Illuminate\\Http\\Request))
#67 {main}
"} 
[2020-09-02 15:51:09] local.ERROR: SQLSTATE[23000]: Integrity constraint violation: 1048 Column 'text_tr' cannot be null (SQL: insert into `posts` (`f_image`, `title_ar`, `title_tr`, `title_en`, `text_ar`, `text_tr`, `text_en`, `slug`, `date`, `updated_at`, `created_at`) values (1599061869.jpg, السياحة في اوزنجول, Uzungöl'de Turizm, Tourism in Uzungol, <p>اوزنجول من أهم وأجمل المناطق التركية تقع اوزنجول في حي كاي كارا على بعد 100 كم</p>

<p>من مدينة طرابزون , تتميز اوزنجول بطبيعة ساحرة ,&nbsp;حتى أن السياح والزوار يشعرون</p>

<p>&nbsp;وكأنهم في رحلة الى&nbsp;عالم خيالي ساحر, البحيرة محاطة بالكامل بالغابات. عندما ترى منظر البحيرة&nbsp;</p>

<p>تضم المنطقة العديد من الهضاب والبحيرات ذات الأحجام المختلفة. تأكد من زيارتهم. على الرغم من أنه من المستحيل الوصول إلى هذه البحيرات من قبل أي مركبة ، لا تتردد في زيارة الهضاب الخضراء والبحيرات من خلال المشي هناك إذا كنت لا تمانع في ممارسة بعض التمارين الرياضية في الهواء النقي النظيف! تأكد من المشاركة في الجولات وممارسة المشي المقصود! تقدم المنطقة العديد من الخيارات للإقامة المعقولة والنظيفة. توفر هذه المرافق خدمة يقظة جدا وبعضها .مبني على شكل بناغل. سوف تستمتع بقضاء بعض الوقت في هذه المرافق مع إطلالة على البحيرة</p>, , , tourism-in-uzungol, , 2020-09-02 15:51:09, 2020-09-02 15:51:09)) {"userId":1,"email":"info@maantour61.com","exception":"[object] (Illuminate\\Database\\QueryException(code: 23000): SQLSTATE[23000]: Integrity constraint violation: 1048 Column 'text_tr' cannot be null (SQL: insert into `posts` (`f_image`, `title_ar`, `title_tr`, `title_en`, `text_ar`, `text_tr`, `text_en`, `slug`, `date`, `updated_at`, `created_at`) values (1599061869.jpg, السياحة في اوزنجول, Uzungöl'de Turizm, Tourism in Uzungol, <p>اوزنجول من أهم وأجمل المناطق التركية تقع اوزنجول في حي كاي كارا على بعد 100 كم</p>

<p>من مدينة طرابزون , تتميز اوزنجول بطبيعة ساحرة ,&nbsp;حتى أن السياح والزوار يشعرون</p>

<p>&nbsp;وكأنهم في رحلة الى&nbsp;عالم خيالي ساحر, البحيرة محاطة بالكامل بالغابات. عندما ترى منظر البحيرة&nbsp;</p>

<p>تضم المنطقة العديد من الهضاب والبحيرات ذات الأحجام المختلفة. تأكد من زيارتهم. على الرغم من أنه من المستحيل الوصول إلى هذه البحيرات من قبل أي مركبة ، لا تتردد في زيارة الهضاب الخضراء والبحيرات من خلال المشي هناك إذا كنت لا تمانع في ممارسة بعض التمارين الرياضية في الهواء النقي النظيف! تأكد من المشاركة في الجولات وممارسة المشي المقصود! تقدم المنطقة العديد من الخيارات للإقامة المعقولة والنظيفة. توفر هذه المرافق خدمة يقظة جدا وبعضها .مبني على شكل بناغل. سوف تستمتع بقضاء بعض الوقت في هذه المرافق مع إطلالة على البحيرة</p>, , , tourism-in-uzungol, , 2020-09-02 15:51:09, 2020-09-02 15:51:09)) at /home/u285018311/domains/maantour61.com/public_html/maan/vendor/laravel/framework/src/Illuminate/Database/Connection.php:664, PDOException(code: 23000): SQLSTATE[23000]: Integrity constraint violation: 1048 Column 'text_tr' cannot be null at /home/u285018311/domains/maantour61.com/public_html/maan/vendor/laravel/framework/src/Illuminate/Database/Connection.php:458)
[stacktrace]
#0 /home/u285018311/domains/maantour61.com/public_html/maan/vendor/laravel/framework/src/Illuminate/Database/Connection.php(624): Illuminate\\Database\\Connection->runQueryCallback('insert into `po...', Array, Object(Closure))
#1 /home/u285018311/domains/maantour61.com/public_html/maan/vendor/laravel/framework/src/Illuminate/Database/Connection.php(459): Illuminate\\Database\\Connection->run('insert into `po...', Array, Object(Closure))
#2 /home/u285018311/domains/maantour61.com/public_html/maan/vendor/laravel/framework/src/Illuminate/Database/Connection.php(411): Illuminate\\Database\\Connection->statement('insert into `po...', Array)
#3 /home/u285018311/domains/maantour61.com/public_html/maan/vendor/laravel/framework/src/Illuminate/Database/Query/Processors/Processor.php(32): Illuminate\\Database\\Connection->insert('insert into `po...', Array)
#4 /home/u285018311/domains/maantour61.com/public_html/maan/vendor/laravel/framework/src/Illuminate/Database/Query/Builder.php(2628): Illuminate\\Database\\Query\\Processors\\Processor->processInsertGetId(Object(Illuminate\\Database\\Query\\Builder), 'insert into `po...', Array, 'id')
#5 /home/u285018311/domains/maantour61.com/public_html/maan/vendor/laravel/framework/src/Illuminate/Database/Eloquent/Builder.php(1338): Illuminate\\Database\\Query\\Builder->insertGetId(Array, 'id')
#6 /home/u285018311/domains/maantour61.com/public_html/maan/vendor/laravel/framework/src/Illuminate/Database/Eloquent/Model.php(823): Illuminate\\Database\\Eloquent\\Builder->__call('insertGetId', Array)
#7 /home/u285018311/domains/maantour61.com/public_html/maan/vendor/laravel/framework/src/Illuminate/Database/Eloquent/Model.php(788): Illuminate\\Database\\Eloquent\\Model->insertAndSetId(Object(Illuminate\\Database\\Eloquent\\Builder), Array)
#8 /home/u285018311/domains/maantour61.com/public_html/maan/vendor/laravel/framework/src/Illuminate/Database/Eloquent/Model.php(651): Illuminate\\Database\\Eloquent\\Model->performInsert(Object(Illuminate\\Database\\Eloquent\\Builder))
#9 /home/u285018311/domains/maantour61.com/public_html/maan/app/Http/Controllers/Admin/PostController.php(109): Illuminate\\Database\\Eloquent\\Model->save()
#10 [internal function]: App\\Http\\Controllers\\Admin\\PostController->store(Object(Illuminate\\Http\\Request))
#11 /home/u285018311/domains/maantour61.com/public_html/maan/vendor/laravel/framework/src/Illuminate/Routing/Controller.php(54): call_user_func_array(Array, Array)
#12 /home/u285018311/domains/maantour61.com/public_html/maan/vendor/laravel/framework/src/Illuminate/Routing/ControllerDispatcher.php(45): Illuminate\\Routing\\Controller->callAction('store', Array)
#13 /home/u285018311/domains/maantour61.com/public_html/maan/vendor/laravel/framework/src/Illuminate/Routing/Route.php(219): Illuminate\\Routing\\ControllerDispatcher->dispatch(Object(Illuminate\\Routing\\Route), Object(App\\Http\\Controllers\\Admin\\PostController), 'store')
#14 /home/u285018311/domains/maantour61.com/public_html/maan/vendor/laravel/framework/src/Illuminate/Routing/Route.php(176): Illuminate\\Routing\\Route->runController()
#15 /home/u285018311/domains/maantour61.com/public_html/maan/vendor/laravel/framework/src/Illuminate/Routing/Router.php(682): Illuminate\\Routing\\Route->run()
#16 /home/u285018311/domains/maantour61.com/public_html/maan/vendor/laravel/framework/src/Illuminate/Routing/Pipeline.php(30): Illuminate\\Routing\\Router->Illuminate\\Routing\\{closure}(Object(Illuminate\\Http\\Request))
#17 /home/u285018311/domains/maantour61.com/public_html/maan/app/Http/Middleware/Localization.php(25): Illuminate\\Routing\\Pipeline->Illuminate\\Routing\\{closure}(Object(Illuminate\\Http\\Request))
#18 /home/u285018311/domains/maantour61.com/public_html/maan/vendor/laravel/framework/src/Illuminate/Pipeline/Pipeline.php(163): App\\Http\\Middleware\\Localization->handle(Object(Illuminate\\Http\\Request), Object(Closure))
#19 /home/u285018311/domains/maantour61.com/public_html/maan/vendor/laravel/framework/src/Illuminate/Routing/Pipeline.php(53): Illuminate\\Pipeline\\Pipeline->Illuminate\\Pipeline\\{closure}(Object(Illuminate\\Http\\Request))
#20 /home/u285018311/domains/maantour61.com/public_html/maan/vendor/laravel/framework/src/Illuminate/Routing/Middleware/SubstituteBindings.php(41): Illuminate\\Routing\\Pipeline->Illuminate\\Routing\\{closure}(Object(Illuminate\\Http\\Request))
#21 /home/u285018311/domains/maantour61.com/public_html/maan/vendor/laravel/framework/src/Illuminate/Pipeline/Pipeline.php(163): Illuminate\\Routing\\Middleware\\SubstituteBindings->handle(Object(Illuminate\\Http\\Request), Object(Closure))
#22 /home/u285018311/domains/maantour61.com/public_html/maan/vendor/laravel/framework/src/Illuminate/Routing/Pipeline.php(53): Illuminate\\Pipeline\\Pipeline->Illuminate\\Pipeline\\{closure}(Object(Illuminate\\Http\\Request))
#23 /home/u285018311/domains/maantour61.com/public_html/maan/vendor/laravel/framework/src/Illuminate/Auth/Middleware/Authenticate.php(43): Illuminate\\Routing\\Pipeline->Illuminate\\Routing\\{closure}(Object(Illuminate\\Http\\Request))
#24 /home/u285018311/domains/maantour61.com/public_html/maan/vendor/laravel/framework/src/Illuminate/Pipeline/Pipeline.php(163): Illuminate\\Auth\\Middleware\\Authenticate->handle(Object(Illuminate\\Http\\Request), Object(Closure), 'admin')
#25 /home/u285018311/domains/maantour61.com/public_html/maan/vendor/laravel/framework/src/Illuminate/Routing/Pipeline.php(53): Illuminate\\Pipeline\\Pipeline->Illuminate\\Pipeline\\{closure}(Object(Illuminate\\Http\\Request))
#26 /home/u285018311/domains/maantour61.com/public_html/maan/vendor/laravel/framework/src/Illuminate/Foundation/Http/Middleware/VerifyCsrfToken.php(75): Illuminate\\Routing\\Pipeline->Illuminate\\Routing\\{closure}(Object(Illuminate\\Http\\Request))
#27 /home/u285018311/domains/maantour61.com/public_html/maan/vendor/laravel/framework/src/Illuminate/Pipeline/Pipeline.php(163): Illuminate\\Foundation\\Http\\Middleware\\VerifyCsrfToken->handle(Object(Illuminate\\Http\\Request), Object(Closure))
#28 /home/u285018311/domains/maantour61.com/public_html/maan/vendor/laravel/framework/src/Illuminate/Routing/Pipeline.php(53): Illuminate\\Pipeline\\Pipeline->Illuminate\\Pipeline\\{closure}(Object(Illuminate\\Http\\Request))
#29 /home/u285018311/domains/maantour61.com/public_html/maan/vendor/laravel/framework/src/Illuminate/View/Middleware/ShareErrorsFromSession.php(49): Illuminate\\Routing\\Pipeline->Illuminate\\Routing\\{closure}(Object(Illuminate\\Http\\Request))
#30 /home/u285018311/domains/maantour61.com/public_html/maan/vendor/laravel/framework/src/Illuminate/Pipeline/Pipeline.php(163): Illuminate\\View\\Middleware\\ShareErrorsFromSession->handle(Object(Illuminate\\Http\\Request), Object(Closure))
#31 /home/u285018311/domains/maantour61.com/public_html/maan/vendor/laravel/framework/src/Illuminate/Routing/Pipeline.php(53): Illuminate\\Pipeline\\Pipeline->Illuminate\\Pipeline\\{closure}(Object(Illuminate\\Http\\Request))
#32 /home/u285018311/domains/maantour61.com/public_html/maan/vendor/laravel/framework/src/Illuminate/Session/Middleware/StartSession.php(63): Illuminate\\Routing\\Pipeline->Illuminate\\Routing\\{closure}(Object(Illuminate\\Http\\Request))
#33 /home/u285018311/domains/maantour61.com/public_html/maan/vendor/laravel/framework/src/Illuminate/Pipeline/Pipeline.php(163): Illuminate\\Session\\Middleware\\StartSession->handle(Object(Illuminate\\Http\\Request), Object(Closure))
#34 /home/u285018311/domains/maantour61.com/public_html/maan/vendor/laravel/framework/src/Illuminate/Routing/Pipeline.php(53): Illuminate\\Pipeline\\Pipeline->Illuminate\\Pipeline\\{closure}(Object(Illuminate\\Http\\Request))
#35 /home/u285018311/domains/maantour61.com/public_html/maan/vendor/laravel/framework/src/Illuminate/Cookie/Middleware/AddQueuedCookiesToResponse.php(37): Illuminate\\Routing\\Pipeline->Illuminate\\Routing\\{closure}(Object(Illuminate\\Http\\Request))
#36 /home/u285018311/domains/maantour61.com/public_html/maan/vendor/laravel/framework/src/Illuminate/Pipeline/Pipeline.php(163): Illuminate\\Cookie\\Middleware\\AddQueuedCookiesToResponse->handle(Object(Illuminate\\Http\\Request), Object(Closure))
#37 /home/u285018311/domains/maantour61.com/public_html/maan/vendor/laravel/framework/src/Illuminate/Routing/Pipeline.php(53): Illuminate\\Pipeline\\Pipeline->Illuminate\\Pipeline\\{closure}(Object(Illuminate\\Http\\Request))
#38 /home/u285018311/domains/maantour61.com/public_html/maan/vendor/laravel/framework/src/Illuminate/Cookie/Middleware/EncryptCookies.php(66): Illuminate\\Routing\\Pipeline->Illuminate\\Routing\\{closure}(Object(Illuminate\\Http\\Request))
#39 /home/u285018311/domains/maantour61.com/public_html/maan/vendor/laravel/framework/src/Illuminate/Pipeline/Pipeline.php(163): Illuminate\\Cookie\\Middleware\\EncryptCookies->handle(Object(Illuminate\\Http\\Request), Object(Closure))
#40 /home/u285018311/domains/maantour61.com/public_html/maan/vendor/laravel/framework/src/Illuminate/Routing/Pipeline.php(53): Illuminate\\Pipeline\\Pipeline->Illuminate\\Pipeline\\{closure}(Object(Illuminate\\Http\\Request))
#41 /home/u285018311/domains/maantour61.com/public_html/maan/vendor/laravel/framework/src/Illuminate/Pipeline/Pipeline.php(104): Illuminate\\Routing\\Pipeline->Illuminate\\Routing\\{closure}(Object(Illuminate\\Http\\Request))
#42 /home/u285018311/domains/maantour61.com/public_html/maan/vendor/laravel/framework/src/Illuminate/Routing/Router.php(684): Illuminate\\Pipeline\\Pipeline->then(Object(Closure))
#43 /home/u285018311/domains/maantour61.com/public_html/maan/vendor/laravel/framework/src/Illuminate/Routing/Router.php(659): Illuminate\\Routing\\Router->runRouteWithinStack(Object(Illuminate\\Routing\\Route), Object(Illuminate\\Http\\Request))
#44 /home/u285018311/domains/maantour61.com/public_html/maan/vendor/laravel/framework/src/Illuminate/Routing/Router.php(625): Illuminate\\Routing\\Router->runRoute(Object(Illuminate\\Http\\Request), Object(Illuminate\\Routing\\Route))
#45 /home/u285018311/domains/maantour61.com/public_html/maan/vendor/laravel/framework/src/Illuminate/Routing/Router.php(614): Illuminate\\Routing\\Router->dispatchToRoute(Object(Illuminate\\Http\\Request))
#46 /home/u285018311/domains/maantour61.com/public_html/maan/vendor/laravel/framework/src/Illuminate/Foundation/Http/Kernel.php(176): Illuminate\\Routing\\Router->dispatch(Object(Illuminate\\Http\\Request))
#47 /home/u285018311/domains/maantour61.com/public_html/maan/vendor/laravel/framework/src/Illuminate/Routing/Pipeline.php(30): Illuminate\\Foundation\\Http\\Kernel->Illuminate\\Foundation\\Http\\{closure}(Object(Illuminate\\Http\\Request))
#48 /home/u285018311/domains/maantour61.com/public_html/maan/vendor/fideloper/proxy/src/TrustProxies.php(57): Illuminate\\Routing\\Pipeline->Illuminate\\Routing\\{closure}(Object(Illuminate\\Http\\Request))
#49 /home/u285018311/domains/maantour61.com/public_html/maan/vendor/laravel/framework/src/Illuminate/Pipeline/Pipeline.php(163): Fideloper\\Proxy\\TrustProxies->handle(Object(Illuminate\\Http\\Request), Object(Closure))
#50 /home/u285018311/domains/maantour61.com/public_html/maan/vendor/laravel/framework/src/Illuminate/Routing/Pipeline.php(53): Illuminate\\Pipeline\\Pipeline->Illuminate\\Pipeline\\{closure}(Object(Illuminate\\Http\\Request))
#51 /home/u285018311/domains/maantour61.com/public_html/maan/vendor/laravel/framework/src/Illuminate/Foundation/Http/Middleware/TransformsRequest.php(31): Illuminate\\Routing\\Pipeline->Illuminate\\Routing\\{closure}(Object(Illuminate\\Http\\Request))
#52 /home/u285018311/domains/maantour61.com/public_html/maan/vendor/laravel/framework/src/Illuminate/Pipeline/Pipeline.php(163): Illuminate\\Foundation\\Http\\Middleware\\TransformsRequest->handle(Object(Illuminate\\Http\\Request), Object(Closure))
#53 /home/u285018311/domains/maantour61.com/public_html/maan/vendor/laravel/framework/src/Illuminate/Routing/Pipeline.php(53): Illuminate\\Pipeline\\Pipeline->Illuminate\\Pipeline\\{closure}(Object(Illuminate\\Http\\Request))
#54 /home/u285018311/domains/maantour61.com/public_html/maan/vendor/laravel/framework/src/Illuminate/Foundation/Http/Middleware/TransformsRequest.php(31): Illuminate\\Routing\\Pipeline->Illuminate\\Routing\\{closure}(Object(Illuminate\\Http\\Request))
#55 /home/u285018311/domains/maantour61.com/public_html/maan/vendor/laravel/framework/src/Illuminate/Pipeline/Pipeline.php(163): Illuminate\\Foundation\\Http\\Middleware\\TransformsRequest->handle(Object(Illuminate\\Http\\Request), Object(Closure))
#56 /home/u285018311/domains/maantour61.com/public_html/maan/vendor/laravel/framework/src/Illuminate/Routing/Pipeline.php(53): Illuminate\\Pipeline\\Pipeline->Illuminate\\Pipeline\\{closure}(Object(Illuminate\\Http\\Request))
#57 /home/u285018311/domains/maantour61.com/public_html/maan/vendor/laravel/framework/src/Illuminate/Foundation/Http/Middleware/ValidatePostSize.php(27): Illuminate\\Routing\\Pipeline->Illuminate\\Routing\\{closure}(Object(Illuminate\\Http\\Request))
#58 /home/u285018311/domains/maantour61.com/public_html/maan/vendor/laravel/framework/src/Illuminate/Pipeline/Pipeline.php(163): Illuminate\\Foundation\\Http\\Middleware\\ValidatePostSize->handle(Object(Illuminate\\Http\\Request), Object(Closure))
#59 /home/u285018311/domains/maantour61.com/public_html/maan/vendor/laravel/framework/src/Illuminate/Routing/Pipeline.php(53): Illuminate\\Pipeline\\Pipeline->Illuminate\\Pipeline\\{closure}(Object(Illuminate\\Http\\Request))
#60 /home/u285018311/domains/maantour61.com/public_html/maan/vendor/laravel/framework/src/Illuminate/Foundation/Http/Middleware/CheckForMaintenanceMode.php(62): Illuminate\\Routing\\Pipeline->Illuminate\\Routing\\{closure}(Object(Illuminate\\Http\\Request))
#61 /home/u285018311/domains/maantour61.com/public_html/maan/vendor/laravel/framework/src/Illuminate/Pipeline/Pipeline.php(163): Illuminate\\Foundation\\Http\\Middleware\\CheckForMaintenanceMode->handle(Object(Illuminate\\Http\\Request), Object(Closure))
#62 /home/u285018311/domains/maantour61.com/public_html/maan/vendor/laravel/framework/src/Illuminate/Routing/Pipeline.php(53): Illuminate\\Pipeline\\Pipeline->Illuminate\\Pipeline\\{closure}(Object(Illuminate\\Http\\Request))
#63 /home/u285018311/domains/maantour61.com/public_html/maan/vendor/laravel/framework/src/Illuminate/Pipeline/Pipeline.php(104): Illuminate\\Routing\\Pipeline->Illuminate\\Routing\\{closure}(Object(Illuminate\\Http\\Request))
#64 /home/u285018311/domains/maantour61.com/public_html/maan/vendor/laravel/framework/src/Illuminate/Foundation/Http/Kernel.php(151): Illuminate\\Pipeline\\Pipeline->then(Object(Closure))
#65 /home/u285018311/domains/maantour61.com/public_html/maan/vendor/laravel/framework/src/Illuminate/Foundation/Http/Kernel.php(116): Illuminate\\Foundation\\Http\\Kernel->sendRequestThroughRouter(Object(Illuminate\\Http\\Request))
#66 /home/u285018311/domains/maantour61.com/public_html/index.php(55): Illuminate\\Foundation\\Http\\Kernel->handle(Object(Illuminate\\Http\\Request))
#67 {main}
"} 
[2020-09-02 15:51:58] local.ERROR: SQLSTATE[23000]: Integrity constraint violation: 1048 Column 'title_tr' cannot be null (SQL: insert into `posts` (`f_image`, `title_ar`, `title_tr`, `title_en`, `text_ar`, `text_tr`, `text_en`, `slug`, `date`, `updated_at`, `created_at`) values (1599061918.jpg, السياحة في اوزنجول, , , <p>اوزنجول من أهم وأجمل المناطق التركية تقع اوزنجول في حي كاي كارا على بعد 100 كم</p>

<p>من مدينة طرابزون , تتميز اوزنجول بطبيعة ساحرة ,&nbsp;حتى أن السياح والزوار يشعرون</p>

<p>&nbsp;وكأنهم في رحلة الى&nbsp;عالم خيالي ساحر, البحيرة محاطة بالكامل بالغابات. عندما ترى منظر البحيرة&nbsp;</p>

<p>تضم المنطقة العديد من الهضاب والبحيرات ذات الأحجام المختلفة. تأكد من زيارتهم. على الرغم من أنه من المستحيل الوصول إلى هذه البحيرات من قبل أي مركبة ، لا تتردد في زيارة الهضاب الخضراء والبحيرات من خلال المشي هناك إذا كنت لا تمانع في ممارسة بعض التمارين الرياضية في الهواء النقي النظيف! تأكد من المشاركة في الجولات وممارسة المشي المقصود! تقدم المنطقة العديد من الخيارات للإقامة المعقولة والنظيفة. توفر هذه المرافق خدمة يقظة جدا وبعضها .مبني على شكل بناغل. سوف تستمتع بقضاء بعض الوقت في هذه المرافق مع إطلالة على البحيرة</p>, , , , , 2020-09-02 15:51:58, 2020-09-02 15:51:58)) {"userId":1,"email":"info@maantour61.com","exception":"[object] (Illuminate\\Database\\QueryException(code: 23000): SQLSTATE[23000]: Integrity constraint violation: 1048 Column 'title_tr' cannot be null (SQL: insert into `posts` (`f_image`, `title_ar`, `title_tr`, `title_en`, `text_ar`, `text_tr`, `text_en`, `slug`, `date`, `updated_at`, `created_at`) values (1599061918.jpg, السياحة في اوزنجول, , , <p>اوزنجول من أهم وأجمل المناطق التركية تقع اوزنجول في حي كاي كارا على بعد 100 كم</p>

<p>من مدينة طرابزون , تتميز اوزنجول بطبيعة ساحرة ,&nbsp;حتى أن السياح والزوار يشعرون</p>

<p>&nbsp;وكأنهم في رحلة الى&nbsp;عالم خيالي ساحر, البحيرة محاطة بالكامل بالغابات. عندما ترى منظر البحيرة&nbsp;</p>

<p>تضم المنطقة العديد من الهضاب والبحيرات ذات الأحجام المختلفة. تأكد من زيارتهم. على الرغم من أنه من المستحيل الوصول إلى هذه البحيرات من قبل أي مركبة ، لا تتردد في زيارة الهضاب الخضراء والبحيرات من خلال المشي هناك إذا كنت لا تمانع في ممارسة بعض التمارين الرياضية في الهواء النقي النظيف! تأكد من المشاركة في الجولات وممارسة المشي المقصود! تقدم المنطقة العديد من الخيارات للإقامة المعقولة والنظيفة. توفر هذه المرافق خدمة يقظة جدا وبعضها .مبني على شكل بناغل. سوف تستمتع بقضاء بعض الوقت في هذه المرافق مع إطلالة على البحيرة</p>, , , , , 2020-09-02 15:51:58, 2020-09-02 15:51:58)) at /home/u285018311/domains/maantour61.com/public_html/maan/vendor/laravel/framework/src/Illuminate/Database/Connection.php:664, PDOException(code: 23000): SQLSTATE[23000]: Integrity constraint violation: 1048 Column 'title_tr' cannot be null at /home/u285018311/domains/maantour61.com/public_html/maan/vendor/laravel/framework/src/Illuminate/Database/Connection.php:458)
[stacktrace]
#0 /home/u285018311/domains/maantour61.com/public_html/maan/vendor/laravel/framework/src/Illuminate/Database/Connection.php(624): Illuminate\\Database\\Connection->runQueryCallback('insert into `po...', Array, Object(Closure))
#1 /home/u285018311/domains/maantour61.com/public_html/maan/vendor/laravel/framework/src/Illuminate/Database/Connection.php(459): Illuminate\\Database\\Connection->run('insert into `po...', Array, Object(Closure))
#2 /home/u285018311/domains/maantour61.com/public_html/maan/vendor/laravel/framework/src/Illuminate/Database/Connection.php(411): Illuminate\\Database\\Connection->statement('insert into `po...', Array)
#3 /home/u285018311/domains/maantour61.com/public_html/maan/vendor/laravel/framework/src/Illuminate/Database/Query/Processors/Processor.php(32): Illuminate\\Database\\Connection->insert('insert into `po...', Array)
#4 /home/u285018311/domains/maantour61.com/public_html/maan/vendor/laravel/framework/src/Illuminate/Database/Query/Builder.php(2628): Illuminate\\Database\\Query\\Processors\\Processor->processInsertGetId(Object(Illuminate\\Database\\Query\\Builder), 'insert into `po...', Array, 'id')
#5 /home/u285018311/domains/maantour61.com/public_html/maan/vendor/laravel/framework/src/Illuminate/Database/Eloquent/Builder.php(1338): Illuminate\\Database\\Query\\Builder->insertGetId(Array, 'id')
#6 /home/u285018311/domains/maantour61.com/public_html/maan/vendor/laravel/framework/src/Illuminate/Database/Eloquent/Model.php(823): Illuminate\\Database\\Eloquent\\Builder->__call('insertGetId', Array)
#7 /home/u285018311/domains/maantour61.com/public_html/maan/vendor/laravel/framework/src/Illuminate/Database/Eloquent/Model.php(788): Illuminate\\Database\\Eloquent\\Model->insertAndSetId(Object(Illuminate\\Database\\Eloquent\\Builder), Array)
#8 /home/u285018311/domains/maantour61.com/public_html/maan/vendor/laravel/framework/src/Illuminate/Database/Eloquent/Model.php(651): Illuminate\\Database\\Eloquent\\Model->performInsert(Object(Illuminate\\Database\\Eloquent\\Builder))
#9 /home/u285018311/domains/maantour61.com/public_html/maan/app/Http/Controllers/Admin/PostController.php(109): Illuminate\\Database\\Eloquent\\Model->save()
#10 [internal function]: App\\Http\\Controllers\\Admin\\PostController->store(Object(Illuminate\\Http\\Request))
#11 /home/u285018311/domains/maantour61.com/public_html/maan/vendor/laravel/framework/src/Illuminate/Routing/Controller.php(54): call_user_func_array(Array, Array)
#12 /home/u285018311/domains/maantour61.com/public_html/maan/vendor/laravel/framework/src/Illuminate/Routing/ControllerDispatcher.php(45): Illuminate\\Routing\\Controller->callAction('store', Array)
#13 /home/u285018311/domains/maantour61.com/public_html/maan/vendor/laravel/framework/src/Illuminate/Routing/Route.php(219): Illuminate\\Routing\\ControllerDispatcher->dispatch(Object(Illuminate\\Routing\\Route), Object(App\\Http\\Controllers\\Admin\\PostController), 'store')
#14 /home/u285018311/domains/maantour61.com/public_html/maan/vendor/laravel/framework/src/Illuminate/Routing/Route.php(176): Illuminate\\Routing\\Route->runController()
#15 /home/u285018311/domains/maantour61.com/public_html/maan/vendor/laravel/framework/src/Illuminate/Routing/Router.php(682): Illuminate\\Routing\\Route->run()
#16 /home/u285018311/domains/maantour61.com/public_html/maan/vendor/laravel/framework/src/Illuminate/Routing/Pipeline.php(30): Illuminate\\Routing\\Router->Illuminate\\Routing\\{closure}(Object(Illuminate\\Http\\Request))
#17 /home/u285018311/domains/maantour61.com/public_html/maan/app/Http/Middleware/Localization.php(25): Illuminate\\Routing\\Pipeline->Illuminate\\Routing\\{closure}(Object(Illuminate\\Http\\Request))
#18 /home/u285018311/domains/maantour61.com/public_html/maan/vendor/laravel/framework/src/Illuminate/Pipeline/Pipeline.php(163): App\\Http\\Middleware\\Localization->handle(Object(Illuminate\\Http\\Request), Object(Closure))
#19 /home/u285018311/domains/maantour61.com/public_html/maan/vendor/laravel/framework/src/Illuminate/Routing/Pipeline.php(53): Illuminate\\Pipeline\\Pipeline->Illuminate\\Pipeline\\{closure}(Object(Illuminate\\Http\\Request))
#20 /home/u285018311/domains/maantour61.com/public_html/maan/vendor/laravel/framework/src/Illuminate/Routing/Middleware/SubstituteBindings.php(41): Illuminate\\Routing\\Pipeline->Illuminate\\Routing\\{closure}(Object(Illuminate\\Http\\Request))
#21 /home/u285018311/domains/maantour61.com/public_html/maan/vendor/laravel/framework/src/Illuminate/Pipeline/Pipeline.php(163): Illuminate\\Routing\\Middleware\\SubstituteBindings->handle(Object(Illuminate\\Http\\Request), Object(Closure))
#22 /home/u285018311/domains/maantour61.com/public_html/maan/vendor/laravel/framework/src/Illuminate/Routing/Pipeline.php(53): Illuminate\\Pipeline\\Pipeline->Illuminate\\Pipeline\\{closure}(Object(Illuminate\\Http\\Request))
#23 /home/u285018311/domains/maantour61.com/public_html/maan/vendor/laravel/framework/src/Illuminate/Auth/Middleware/Authenticate.php(43): Illuminate\\Routing\\Pipeline->Illuminate\\Routing\\{closure}(Object(Illuminate\\Http\\Request))
#24 /home/u285018311/domains/maantour61.com/public_html/maan/vendor/laravel/framework/src/Illuminate/Pipeline/Pipeline.php(163): Illuminate\\Auth\\Middleware\\Authenticate->handle(Object(Illuminate\\Http\\Request), Object(Closure), 'admin')
#25 /home/u285018311/domains/maantour61.com/public_html/maan/vendor/laravel/framework/src/Illuminate/Routing/Pipeline.php(53): Illuminate\\Pipeline\\Pipeline->Illuminate\\Pipeline\\{closure}(Object(Illuminate\\Http\\Request))
#26 /home/u285018311/domains/maantour61.com/public_html/maan/vendor/laravel/framework/src/Illuminate/Foundation/Http/Middleware/VerifyCsrfToken.php(75): Illuminate\\Routing\\Pipeline->Illuminate\\Routing\\{closure}(Object(Illuminate\\Http\\Request))
#27 /home/u285018311/domains/maantour61.com/public_html/maan/vendor/laravel/framework/src/Illuminate/Pipeline/Pipeline.php(163): Illuminate\\Foundation\\Http\\Middleware\\VerifyCsrfToken->handle(Object(Illuminate\\Http\\Request), Object(Closure))
#28 /home/u285018311/domains/maantour61.com/public_html/maan/vendor/laravel/framework/src/Illuminate/Routing/Pipeline.php(53): Illuminate\\Pipeline\\Pipeline->Illuminate\\Pipeline\\{closure}(Object(Illuminate\\Http\\Request))
#29 /home/u285018311/domains/maantour61.com/public_html/maan/vendor/laravel/framework/src/Illuminate/View/Middleware/ShareErrorsFromSession.php(49): Illuminate\\Routing\\Pipeline->Illuminate\\Routing\\{closure}(Object(Illuminate\\Http\\Request))
#30 /home/u285018311/domains/maantour61.com/public_html/maan/vendor/laravel/framework/src/Illuminate/Pipeline/Pipeline.php(163): Illuminate\\View\\Middleware\\ShareErrorsFromSession->handle(Object(Illuminate\\Http\\Request), Object(Closure))
#31 /home/u285018311/domains/maantour61.com/public_html/maan/vendor/laravel/framework/src/Illuminate/Routing/Pipeline.php(53): Illuminate\\Pipeline\\Pipeline->Illuminate\\Pipeline\\{closure}(Object(Illuminate\\Http\\Request))
#32 /home/u285018311/domains/maantour61.com/public_html/maan/vendor/laravel/framework/src/Illuminate/Session/Middleware/StartSession.php(63): Illuminate\\Routing\\Pipeline->Illuminate\\Routing\\{closure}(Object(Illuminate\\Http\\Request))
#33 /home/u285018311/domains/maantour61.com/public_html/maan/vendor/laravel/framework/src/Illuminate/Pipeline/Pipeline.php(163): Illuminate\\Session\\Middleware\\StartSession->handle(Object(Illuminate\\Http\\Request), Object(Closure))
#34 /home/u285018311/domains/maantour61.com/public_html/maan/vendor/laravel/framework/src/Illuminate/Routing/Pipeline.php(53): Illuminate\\Pipeline\\Pipeline->Illuminate\\Pipeline\\{closure}(Object(Illuminate\\Http\\Request))
#35 /home/u285018311/domains/maantour61.com/public_html/maan/vendor/laravel/framework/src/Illuminate/Cookie/Middleware/AddQueuedCookiesToResponse.php(37): Illuminate\\Routing\\Pipeline->Illuminate\\Routing\\{closure}(Object(Illuminate\\Http\\Request))
#36 /home/u285018311/domains/maantour61.com/public_html/maan/vendor/laravel/framework/src/Illuminate/Pipeline/Pipeline.php(163): Illuminate\\Cookie\\Middleware\\AddQueuedCookiesToResponse->handle(Object(Illuminate\\Http\\Request), Object(Closure))
#37 /home/u285018311/domains/maantour61.com/public_html/maan/vendor/laravel/framework/src/Illuminate/Routing/Pipeline.php(53): Illuminate\\Pipeline\\Pipeline->Illuminate\\Pipeline\\{closure}(Object(Illuminate\\Http\\Request))
#38 /home/u285018311/domains/maantour61.com/public_html/maan/vendor/laravel/framework/src/Illuminate/Cookie/Middleware/EncryptCookies.php(66): Illuminate\\Routing\\Pipeline->Illuminate\\Routing\\{closure}(Object(Illuminate\\Http\\Request))
#39 /home/u285018311/domains/maantour61.com/public_html/maan/vendor/laravel/framework/src/Illuminate/Pipeline/Pipeline.php(163): Illuminate\\Cookie\\Middleware\\EncryptCookies->handle(Object(Illuminate\\Http\\Request), Object(Closure))
#40 /home/u285018311/domains/maantour61.com/public_html/maan/vendor/laravel/framework/src/Illuminate/Routing/Pipeline.php(53): Illuminate\\Pipeline\\Pipeline->Illuminate\\Pipeline\\{closure}(Object(Illuminate\\Http\\Request))
#41 /home/u285018311/domains/maantour61.com/public_html/maan/vendor/laravel/framework/src/Illuminate/Pipeline/Pipeline.php(104): Illuminate\\Routing\\Pipeline->Illuminate\\Routing\\{closure}(Object(Illuminate\\Http\\Request))
#42 /home/u285018311/domains/maantour61.com/public_html/maan/vendor/laravel/framework/src/Illuminate/Routing/Router.php(684): Illuminate\\Pipeline\\Pipeline->then(Object(Closure))
#43 /home/u285018311/domains/maantour61.com/public_html/maan/vendor/laravel/framework/src/Illuminate/Routing/Router.php(659): Illuminate\\Routing\\Router->runRouteWithinStack(Object(Illuminate\\Routing\\Route), Object(Illuminate\\Http\\Request))
#44 /home/u285018311/domains/maantour61.com/public_html/maan/vendor/laravel/framework/src/Illuminate/Routing/Router.php(625): Illuminate\\Routing\\Router->runRoute(Object(Illuminate\\Http\\Request), Object(Illuminate\\Routing\\Route))
#45 /home/u285018311/domains/maantour61.com/public_html/maan/vendor/laravel/framework/src/Illuminate/Routing/Router.php(614): Illuminate\\Routing\\Router->dispatchToRoute(Object(Illuminate\\Http\\Request))
#46 /home/u285018311/domains/maantour61.com/public_html/maan/vendor/laravel/framework/src/Illuminate/Foundation/Http/Kernel.php(176): Illuminate\\Routing\\Router->dispatch(Object(Illuminate\\Http\\Request))
#47 /home/u285018311/domains/maantour61.com/public_html/maan/vendor/laravel/framework/src/Illuminate/Routing/Pipeline.php(30): Illuminate\\Foundation\\Http\\Kernel->Illuminate\\Foundation\\Http\\{closure}(Object(Illuminate\\Http\\Request))
#48 /home/u285018311/domains/maantour61.com/public_html/maan/vendor/fideloper/proxy/src/TrustProxies.php(57): Illuminate\\Routing\\Pipeline->Illuminate\\Routing\\{closure}(Object(Illuminate\\Http\\Request))
#49 /home/u285018311/domains/maantour61.com/public_html/maan/vendor/laravel/framework/src/Illuminate/Pipeline/Pipeline.php(163): Fideloper\\Proxy\\TrustProxies->handle(Object(Illuminate\\Http\\Request), Object(Closure))
#50 /home/u285018311/domains/maantour61.com/public_html/maan/vendor/laravel/framework/src/Illuminate/Routing/Pipeline.php(53): Illuminate\\Pipeline\\Pipeline->Illuminate\\Pipeline\\{closure}(Object(Illuminate\\Http\\Request))
#51 /home/u285018311/domains/maantour61.com/public_html/maan/vendor/laravel/framework/src/Illuminate/Foundation/Http/Middleware/TransformsRequest.php(31): Illuminate\\Routing\\Pipeline->Illuminate\\Routing\\{closure}(Object(Illuminate\\Http\\Request))
#52 /home/u285018311/domains/maantour61.com/public_html/maan/vendor/laravel/framework/src/Illuminate/Pipeline/Pipeline.php(163): Illuminate\\Foundation\\Http\\Middleware\\TransformsRequest->handle(Object(Illuminate\\Http\\Request), Object(Closure))
#53 /home/u285018311/domains/maantour61.com/public_html/maan/vendor/laravel/framework/src/Illuminate/Routing/Pipeline.php(53): Illuminate\\Pipeline\\Pipeline->Illuminate\\Pipeline\\{closure}(Object(Illuminate\\Http\\Request))
#54 /home/u285018311/domains/maantour61.com/public_html/maan/vendor/laravel/framework/src/Illuminate/Foundation/Http/Middleware/TransformsRequest.php(31): Illuminate\\Routing\\Pipeline->Illuminate\\Routing\\{closure}(Object(Illuminate\\Http\\Request))
#55 /home/u285018311/domains/maantour61.com/public_html/maan/vendor/laravel/framework/src/Illuminate/Pipeline/Pipeline.php(163): Illuminate\\Foundation\\Http\\Middleware\\TransformsRequest->handle(Object(Illuminate\\Http\\Request), Object(Closure))
#56 /home/u285018311/domains/maantour61.com/public_html/maan/vendor/laravel/framework/src/Illuminate/Routing/Pipeline.php(53): Illuminate\\Pipeline\\Pipeline->Illuminate\\Pipeline\\{closure}(Object(Illuminate\\Http\\Request))
#57 /home/u285018311/domains/maantour61.com/public_html/maan/vendor/laravel/framework/src/Illuminate/Foundation/Http/Middleware/ValidatePostSize.php(27): Illuminate\\Routing\\Pipeline->Illuminate\\Routing\\{closure}(Object(Illuminate\\Http\\Request))
#58 /home/u285018311/domains/maantour61.com/public_html/maan/vendor/laravel/framework/src/Illuminate/Pipeline/Pipeline.php(163): Illuminate\\Foundation\\Http\\Middleware\\ValidatePostSize->handle(Object(Illuminate\\Http\\Request), Object(Closure))
#59 /home/u285018311/domains/maantour61.com/public_html/maan/vendor/laravel/framework/src/Illuminate/Routing/Pipeline.php(53): Illuminate\\Pipeline\\Pipeline->Illuminate\\Pipeline\\{closure}(Object(Illuminate\\Http\\Request))
#60 /home/u285018311/domains/maantour61.com/public_html/maan/vendor/laravel/framework/src/Illuminate/Foundation/Http/Middleware/CheckForMaintenanceMode.php(62): Illuminate\\Routing\\Pipeline->Illuminate\\Routing\\{closure}(Object(Illuminate\\Http\\Request))
#61 /home/u285018311/domains/maantour61.com/public_html/maan/vendor/laravel/framework/src/Illuminate/Pipeline/Pipeline.php(163): Illuminate\\Foundation\\Http\\Middleware\\CheckForMaintenanceMode->handle(Object(Illuminate\\Http\\Request), Object(Closure))
#62 /home/u285018311/domains/maantour61.com/public_html/maan/vendor/laravel/framework/src/Illuminate/Routing/Pipeline.php(53): Illuminate\\Pipeline\\Pipeline->Illuminate\\Pipeline\\{closure}(Object(Illuminate\\Http\\Request))
#63 /home/u285018311/domains/maantour61.com/public_html/maan/vendor/laravel/framework/src/Illuminate/Pipeline/Pipeline.php(104): Illuminate\\Routing\\Pipeline->Illuminate\\Routing\\{closure}(Object(Illuminate\\Http\\Request))
#64 /home/u285018311/domains/maantour61.com/public_html/maan/vendor/laravel/framework/src/Illuminate/Foundation/Http/Kernel.php(151): Illuminate\\Pipeline\\Pipeline->then(Object(Closure))
#65 /home/u285018311/domains/maantour61.com/public_html/maan/vendor/laravel/framework/src/Illuminate/Foundation/Http/Kernel.php(116): Illuminate\\Foundation\\Http\\Kernel->sendRequestThroughRouter(Object(Illuminate\\Http\\Request))
#66 /home/u285018311/domains/maantour61.com/public_html/index.php(55): Illuminate\\Foundation\\Http\\Kernel->handle(Object(Illuminate\\Http\\Request))
#67 {main}
"} 
